mode: set
github.com/josepdcs/kubectl-prof/pkg/agent/config/profiling_job.go:25.40,28.2 2 1
github.com/josepdcs/kubectl-prof/pkg/agent/utils/runtimes/containerd/containerd.go:12.34,14.2 1 1
github.com/josepdcs/kubectl-prof/pkg/agent/utils/runtimes/containerd/containerd.go:16.47,18.2 1 1
github.com/josepdcs/kubectl-prof/pkg/agent/utils/runtimes/containerd/containerd.go:20.46,22.2 1 1
github.com/josepdcs/kubectl-prof/pkg/agent/utils/runtimes/containerd/containerd.go:24.81,25.23 1 1
github.com/josepdcs/kubectl-prof/pkg/agent/utils/runtimes/containerd/containerd.go:29.2,29.33 1 1
github.com/josepdcs/kubectl-prof/pkg/agent/utils/runtimes/containerd/containerd.go:25.23,27.3 1 1
github.com/josepdcs/kubectl-prof/pkg/agent/utils/runtimes/containerd/containerd.go:32.62,33.23 1 1
github.com/josepdcs/kubectl-prof/pkg/agent/utils/runtimes/containerd/containerd.go:37.2,39.16 3 1
github.com/josepdcs/kubectl-prof/pkg/agent/utils/runtimes/containerd/containerd.go:43.2,43.25 1 1
github.com/josepdcs/kubectl-prof/pkg/agent/utils/runtimes/containerd/containerd.go:33.23,35.3 1 1
github.com/josepdcs/kubectl-prof/pkg/agent/utils/runtimes/containerd/containerd.go:39.16,41.3 1 1
github.com/josepdcs/kubectl-prof/pkg/agent/utils/runtimes/crio/crio.go:15.22,17.2 1 1
github.com/josepdcs/kubectl-prof/pkg/agent/utils/runtimes/crio/crio.go:19.54,21.2 1 1
github.com/josepdcs/kubectl-prof/pkg/agent/utils/runtimes/crio/crio.go:23.53,25.2 1 1
github.com/josepdcs/kubectl-prof/pkg/agent/utils/runtimes/crio/crio.go:27.75,28.23 1 1
github.com/josepdcs/kubectl-prof/pkg/agent/utils/runtimes/crio/crio.go:32.2,33.16 2 1
github.com/josepdcs/kubectl-prof/pkg/agent/utils/runtimes/crio/crio.go:36.2,36.28 1 1
github.com/josepdcs/kubectl-prof/pkg/agent/utils/runtimes/crio/crio.go:28.23,30.3 1 1
github.com/josepdcs/kubectl-prof/pkg/agent/utils/runtimes/crio/crio.go:33.16,35.3 1 1
github.com/josepdcs/kubectl-prof/pkg/agent/utils/runtimes/crio/crio.go:40.57,42.16 2 1
github.com/josepdcs/kubectl-prof/pkg/agent/utils/runtimes/crio/crio.go:46.2,48.16 3 1
github.com/josepdcs/kubectl-prof/pkg/agent/utils/runtimes/crio/crio.go:52.2,52.20 1 1
github.com/josepdcs/kubectl-prof/pkg/agent/utils/runtimes/crio/crio.go:42.16,44.3 1 1
github.com/josepdcs/kubectl-prof/pkg/agent/utils/runtimes/crio/crio.go:48.16,50.3 1 1
github.com/josepdcs/kubectl-prof/pkg/agent/utils/runtimes/crio/crio.go:55.56,56.23 1 1
github.com/josepdcs/kubectl-prof/pkg/agent/utils/runtimes/crio/crio.go:60.2,61.16 2 1
github.com/josepdcs/kubectl-prof/pkg/agent/utils/runtimes/crio/crio.go:64.2,64.37 1 1
github.com/josepdcs/kubectl-prof/pkg/agent/utils/runtimes/crio/crio.go:56.23,58.3 1 1
github.com/josepdcs/kubectl-prof/pkg/agent/utils/runtimes/crio/crio.go:61.16,63.3 1 1
github.com/josepdcs/kubectl-prof/pkg/agent/utils/runtimes/crio/crio.go:68.58,70.16 2 1
github.com/josepdcs/kubectl-prof/pkg/agent/utils/runtimes/crio/crio.go:74.2,76.16 3 1
github.com/josepdcs/kubectl-prof/pkg/agent/utils/runtimes/crio/crio.go:80.2,80.20 1 1
github.com/josepdcs/kubectl-prof/pkg/agent/utils/runtimes/crio/crio.go:70.16,72.3 1 1
github.com/josepdcs/kubectl-prof/pkg/agent/utils/runtimes/crio/crio.go:76.16,78.3 1 1
github.com/josepdcs/kubectl-prof/pkg/agent/utils/container.go:18.54,20.2 1 1
github.com/josepdcs/kubectl-prof/pkg/agent/utils/container.go:22.63,23.13 1 1
github.com/josepdcs/kubectl-prof/pkg/agent/utils/container.go:26.2,26.11 1 1
github.com/josepdcs/kubectl-prof/pkg/agent/utils/container.go:23.13,25.3 1 1
github.com/josepdcs/kubectl-prof/pkg/agent/utils/container.go:27.16,28.29 1 1
github.com/josepdcs/kubectl-prof/pkg/agent/utils/container.go:29.22,30.41 1 1
github.com/josepdcs/kubectl-prof/pkg/agent/utils/container.go:31.10,32.68 1 1
github.com/josepdcs/kubectl-prof/pkg/agent/utils/container.go:36.86,37.34 1 1
github.com/josepdcs/kubectl-prof/pkg/agent/utils/container.go:41.2,41.21 1 1
github.com/josepdcs/kubectl-prof/pkg/agent/utils/container.go:44.2,45.16 2 1
github.com/josepdcs/kubectl-prof/pkg/agent/utils/container.go:48.2,48.46 1 1
github.com/josepdcs/kubectl-prof/pkg/agent/utils/container.go:37.34,39.3 1 1
github.com/josepdcs/kubectl-prof/pkg/agent/utils/container.go:41.21,43.3 1 0
github.com/josepdcs/kubectl-prof/pkg/agent/utils/container.go:45.16,47.3 1 1
github.com/josepdcs/kubectl-prof/pkg/agent/utils/container.go:51.72,52.57 1 1
github.com/josepdcs/kubectl-prof/pkg/agent/utils/container.go:56.2,56.40 1 1
github.com/josepdcs/kubectl-prof/pkg/agent/utils/container.go:62.2,63.16 2 1
github.com/josepdcs/kubectl-prof/pkg/agent/utils/container.go:66.2,66.31 1 1
github.com/josepdcs/kubectl-prof/pkg/agent/utils/container.go:52.57,54.3 1 1
github.com/josepdcs/kubectl-prof/pkg/agent/utils/container.go:56.40,57.11 1 0
github.com/josepdcs/kubectl-prof/pkg/agent/utils/container.go:60.3,60.37 1 0
github.com/josepdcs/kubectl-prof/pkg/agent/utils/container.go:57.11,59.4 1 0
github.com/josepdcs/kubectl-prof/pkg/agent/utils/container.go:63.16,65.3 1 1
github.com/josepdcs/kubectl-prof/pkg/agent/utils/exec.go:9.52,13.26 4 1
github.com/josepdcs/kubectl-prof/pkg/agent/utils/exec.go:17.2,19.35 2 1
github.com/josepdcs/kubectl-prof/pkg/agent/utils/exec.go:13.26,16.3 2 1
github.com/josepdcs/kubectl-prof/pkg/agent/utils/exec.go:22.57,26.16 3 1
github.com/josepdcs/kubectl-prof/pkg/agent/utils/exec.go:32.2,32.38 1 1
github.com/josepdcs/kubectl-prof/pkg/agent/utils/exec.go:26.16,27.49 1 0
github.com/josepdcs/kubectl-prof/pkg/agent/utils/exec.go:27.49,29.4 1 0
github.com/josepdcs/kubectl-prof/pkg/agent/utils/publisher.go:12.76,14.16 2 1
github.com/josepdcs/kubectl-prof/pkg/agent/utils/publisher.go:18.2,20.16 3 1
github.com/josepdcs/kubectl-prof/pkg/agent/utils/publisher.go:24.2,25.16 2 1
github.com/josepdcs/kubectl-prof/pkg/agent/utils/publisher.go:28.2,29.16 2 1
github.com/josepdcs/kubectl-prof/pkg/agent/utils/publisher.go:33.2,35.16 3 1
github.com/josepdcs/kubectl-prof/pkg/agent/utils/publisher.go:39.2,46.3 1 1
github.com/josepdcs/kubectl-prof/pkg/agent/utils/publisher.go:14.16,16.3 1 1
github.com/josepdcs/kubectl-prof/pkg/agent/utils/publisher.go:20.16,22.3 1 0
github.com/josepdcs/kubectl-prof/pkg/agent/utils/publisher.go:25.16,27.3 1 1
github.com/josepdcs/kubectl-prof/pkg/agent/utils/publisher.go:29.16,31.3 1 0
github.com/josepdcs/kubectl-prof/pkg/agent/utils/publisher.go:35.16,37.3 1 0
github.com/josepdcs/kubectl-prof/pkg/agent/profiler/jvm.go:39.59,40.39 1 0
github.com/josepdcs/kubectl-prof/pkg/agent/profiler/jvm.go:62.2,62.31 1 0
github.com/josepdcs/kubectl-prof/pkg/agent/profiler/jvm.go:40.39,41.25 1 0
github.com/josepdcs/kubectl-prof/pkg/agent/profiler/jvm.go:42.16,43.28 1 0
github.com/josepdcs/kubectl-prof/pkg/agent/profiler/jvm.go:44.23,45.32 1 0
github.com/josepdcs/kubectl-prof/pkg/agent/profiler/jvm.go:46.21,47.32 1 0
github.com/josepdcs/kubectl-prof/pkg/agent/profiler/jvm.go:48.26,49.35 1 0
github.com/josepdcs/kubectl-prof/pkg/agent/profiler/jvm.go:50.17,51.26 1 0
github.com/josepdcs/kubectl-prof/pkg/agent/profiler/jvm.go:52.19,53.28 1 0
github.com/josepdcs/kubectl-prof/pkg/agent/profiler/jvm.go:54.22,55.31 1 0
github.com/josepdcs/kubectl-prof/pkg/agent/profiler/jvm.go:56.17,57.27 1 0
github.com/josepdcs/kubectl-prof/pkg/agent/profiler/jvm.go:58.11,59.33 1 0
github.com/josepdcs/kubectl-prof/pkg/agent/profiler/jvm.go:65.88,67.35 2 0
github.com/josepdcs/kubectl-prof/pkg/agent/profiler/jvm.go:80.2,82.114 3 0
github.com/josepdcs/kubectl-prof/pkg/agent/profiler/jvm.go:67.35,68.25 1 0
github.com/josepdcs/kubectl-prof/pkg/agent/profiler/jvm.go:69.16,70.109 1 0
github.com/josepdcs/kubectl-prof/pkg/agent/profiler/jvm.go:71.23,72.51 1 0
github.com/josepdcs/kubectl-prof/pkg/agent/profiler/jvm.go:73.21,74.61 1 0
github.com/josepdcs/kubectl-prof/pkg/agent/profiler/jvm.go:75.26,76.57 1 0
github.com/josepdcs/kubectl-prof/pkg/agent/profiler/jvm.go:100.36,102.2 1 1
github.com/josepdcs/kubectl-prof/pkg/agent/profiler/jvm.go:104.61,106.16 2 0
github.com/josepdcs/kubectl-prof/pkg/agent/profiler/jvm.go:109.2,112.16 3 0
github.com/josepdcs/kubectl-prof/pkg/agent/profiler/jvm.go:116.2,117.16 2 0
github.com/josepdcs/kubectl-prof/pkg/agent/profiler/jvm.go:121.2,121.59 1 0
github.com/josepdcs/kubectl-prof/pkg/agent/profiler/jvm.go:106.16,108.3 1 0
github.com/josepdcs/kubectl-prof/pkg/agent/profiler/jvm.go:112.16,114.3 1 0
github.com/josepdcs/kubectl-prof/pkg/agent/profiler/jvm.go:117.16,119.3 1 0
github.com/josepdcs/kubectl-prof/pkg/agent/profiler/jvm.go:124.62,126.16 2 0
github.com/josepdcs/kubectl-prof/pkg/agent/profiler/jvm.go:129.2,138.16 9 0
github.com/josepdcs/kubectl-prof/pkg/agent/profiler/jvm.go:144.2,145.16 2 0
github.com/josepdcs/kubectl-prof/pkg/agent/profiler/jvm.go:149.2,149.66 1 0
github.com/josepdcs/kubectl-prof/pkg/agent/profiler/jvm.go:126.16,128.3 1 0
github.com/josepdcs/kubectl-prof/pkg/agent/profiler/jvm.go:138.16,142.3 3 0
github.com/josepdcs/kubectl-prof/pkg/agent/profiler/jvm.go:145.16,147.3 1 0
github.com/josepdcs/kubectl-prof/pkg/agent/profiler/jvm.go:152.79,153.22 1 0
github.com/josepdcs/kubectl-prof/pkg/agent/profiler/jvm.go:156.2,157.18 2 0
github.com/josepdcs/kubectl-prof/pkg/agent/profiler/jvm.go:153.22,155.3 1 0
github.com/josepdcs/kubectl-prof/pkg/agent/profiler/jvm.go:160.108,161.35 1 0
github.com/josepdcs/kubectl-prof/pkg/agent/profiler/jvm.go:176.2,176.12 1 0
github.com/josepdcs/kubectl-prof/pkg/agent/profiler/jvm.go:161.35,162.25 1 0
github.com/josepdcs/kubectl-prof/pkg/agent/profiler/jvm.go:163.16,164.35 1 0
github.com/josepdcs/kubectl-prof/pkg/agent/profiler/jvm.go:165.42,167.18 2 0
github.com/josepdcs/kubectl-prof/pkg/agent/profiler/jvm.go:170.11,171.53 1 0
github.com/josepdcs/kubectl-prof/pkg/agent/profiler/jvm.go:167.18,169.5 1 0
github.com/josepdcs/kubectl-prof/pkg/agent/profiler/jvm.go:173.8,175.3 1 0
github.com/josepdcs/kubectl-prof/pkg/agent/profiler/jvm.go:179.56,182.16 3 0
github.com/josepdcs/kubectl-prof/pkg/agent/profiler/jvm.go:186.2,186.40 1 0
github.com/josepdcs/kubectl-prof/pkg/agent/profiler/jvm.go:193.2,193.12 1 0
github.com/josepdcs/kubectl-prof/pkg/agent/profiler/jvm.go:222.2,225.16 3 0
github.com/josepdcs/kubectl-prof/pkg/agent/profiler/jvm.go:230.2,230.8 1 0
github.com/josepdcs/kubectl-prof/pkg/agent/profiler/jvm.go:182.16,185.3 2 0
github.com/josepdcs/kubectl-prof/pkg/agent/profiler/jvm.go:186.40,188.17 2 0
github.com/josepdcs/kubectl-prof/pkg/agent/profiler/jvm.go:188.17,190.4 1 0
github.com/josepdcs/kubectl-prof/pkg/agent/profiler/jvm.go:193.12,194.7 1 0
github.com/josepdcs/kubectl-prof/pkg/agent/profiler/jvm.go:194.7,195.11 1 0
github.com/josepdcs/kubectl-prof/pkg/agent/profiler/jvm.go:196.39,197.12 1 0
github.com/josepdcs/kubectl-prof/pkg/agent/profiler/jvm.go:200.5,200.50 1 0
github.com/josepdcs/kubectl-prof/pkg/agent/profiler/jvm.go:212.37,213.12 1 0
github.com/josepdcs/kubectl-prof/pkg/agent/profiler/jvm.go:216.5,217.53 2 0
github.com/josepdcs/kubectl-prof/pkg/agent/profiler/jvm.go:197.12,199.6 1 0
github.com/josepdcs/kubectl-prof/pkg/agent/profiler/jvm.go:200.50,203.20 3 0
github.com/josepdcs/kubectl-prof/pkg/agent/profiler/jvm.go:208.6,208.22 1 0
github.com/josepdcs/kubectl-prof/pkg/agent/profiler/jvm.go:203.20,207.7 3 0
github.com/josepdcs/kubectl-prof/pkg/agent/profiler/jvm.go:208.22,210.7 1 0
github.com/josepdcs/kubectl-prof/pkg/agent/profiler/jvm.go:213.12,215.6 1 0
github.com/josepdcs/kubectl-prof/pkg/agent/profiler/jvm.go:225.16,228.3 2 0
github.com/josepdcs/kubectl-prof/pkg/agent/profiler/jvm.go:233.100,235.2 1 0
github.com/josepdcs/kubectl-prof/pkg/agent/profiler/perf.go:23.60,24.39 1 1
github.com/josepdcs/kubectl-prof/pkg/agent/profiler/perf.go:27.2,27.30 1 0
github.com/josepdcs/kubectl-prof/pkg/agent/profiler/perf.go:24.39,26.3 1 1
github.com/josepdcs/kubectl-prof/pkg/agent/profiler/perf.go:45.38,47.2 1 1
github.com/josepdcs/kubectl-prof/pkg/agent/profiler/perf.go:49.62,51.2 1 1
github.com/josepdcs/kubectl-prof/pkg/agent/profiler/perf.go:53.63,55.16 2 1
github.com/josepdcs/kubectl-prof/pkg/agent/profiler/perf.go:59.2,60.16 2 1
github.com/josepdcs/kubectl-prof/pkg/agent/profiler/perf.go:64.2,65.16 2 1
github.com/josepdcs/kubectl-prof/pkg/agent/profiler/perf.go:69.2,70.16 2 1
github.com/josepdcs/kubectl-prof/pkg/agent/profiler/perf.go:74.2,74.77 1 1
github.com/josepdcs/kubectl-prof/pkg/agent/profiler/perf.go:55.16,57.3 1 1
github.com/josepdcs/kubectl-prof/pkg/agent/profiler/perf.go:60.16,62.3 1 1
github.com/josepdcs/kubectl-prof/pkg/agent/profiler/perf.go:65.16,67.3 1 1
github.com/josepdcs/kubectl-prof/pkg/agent/profiler/perf.go:70.16,72.3 1 1
github.com/josepdcs/kubectl-prof/pkg/agent/profiler/perf.go:77.66,79.16 2 0
github.com/josepdcs/kubectl-prof/pkg/agent/profiler/perf.go:82.2,91.16 7 0
github.com/josepdcs/kubectl-prof/pkg/agent/profiler/perf.go:94.2,94.12 1 0
github.com/josepdcs/kubectl-prof/pkg/agent/profiler/perf.go:79.16,81.3 1 0
github.com/josepdcs/kubectl-prof/pkg/agent/profiler/perf.go:91.16,93.3 1 0
github.com/josepdcs/kubectl-prof/pkg/agent/profiler/perf.go:97.66,99.16 2 0
github.com/josepdcs/kubectl-prof/pkg/agent/profiler/perf.go:102.2,102.25 1 0
github.com/josepdcs/kubectl-prof/pkg/agent/profiler/perf.go:110.2,116.16 6 0
github.com/josepdcs/kubectl-prof/pkg/agent/profiler/perf.go:119.2,119.12 1 0
github.com/josepdcs/kubectl-prof/pkg/agent/profiler/perf.go:99.16,101.3 1 0
github.com/josepdcs/kubectl-prof/pkg/agent/profiler/perf.go:102.25,104.17 2 0
github.com/josepdcs/kubectl-prof/pkg/agent/profiler/perf.go:104.17,107.4 2 0
github.com/josepdcs/kubectl-prof/pkg/agent/profiler/perf.go:116.16,118.3 1 0
github.com/josepdcs/kubectl-prof/pkg/agent/profiler/perf.go:122.67,124.16 2 0
github.com/josepdcs/kubectl-prof/pkg/agent/profiler/perf.go:127.2,127.25 1 0
github.com/josepdcs/kubectl-prof/pkg/agent/profiler/perf.go:135.2,141.16 6 0
github.com/josepdcs/kubectl-prof/pkg/agent/profiler/perf.go:144.2,144.12 1 0
github.com/josepdcs/kubectl-prof/pkg/agent/profiler/perf.go:124.16,126.3 1 0
github.com/josepdcs/kubectl-prof/pkg/agent/profiler/perf.go:127.25,129.17 2 0
github.com/josepdcs/kubectl-prof/pkg/agent/profiler/perf.go:129.17,132.4 2 0
github.com/josepdcs/kubectl-prof/pkg/agent/profiler/perf.go:141.16,143.3 1 0
github.com/josepdcs/kubectl-prof/pkg/agent/profiler/perf.go:147.71,149.16 2 0
github.com/josepdcs/kubectl-prof/pkg/agent/profiler/perf.go:152.2,152.33 1 0
github.com/josepdcs/kubectl-prof/pkg/agent/profiler/perf.go:160.2,161.16 2 0
github.com/josepdcs/kubectl-prof/pkg/agent/profiler/perf.go:164.2,164.34 1 0
github.com/josepdcs/kubectl-prof/pkg/agent/profiler/perf.go:172.2,179.16 7 0
github.com/josepdcs/kubectl-prof/pkg/agent/profiler/perf.go:182.2,182.12 1 0
github.com/josepdcs/kubectl-prof/pkg/agent/profiler/perf.go:149.16,151.3 1 0
github.com/josepdcs/kubectl-prof/pkg/agent/profiler/perf.go:152.33,154.17 2 0
github.com/josepdcs/kubectl-prof/pkg/agent/profiler/perf.go:154.17,157.4 2 0
github.com/josepdcs/kubectl-prof/pkg/agent/profiler/perf.go:161.16,163.3 1 0
github.com/josepdcs/kubectl-prof/pkg/agent/profiler/perf.go:164.34,166.17 2 0
github.com/josepdcs/kubectl-prof/pkg/agent/profiler/perf.go:166.17,169.4 2 0
github.com/josepdcs/kubectl-prof/pkg/agent/profiler/perf.go:179.16,181.3 1 0
github.com/josepdcs/kubectl-prof/pkg/agent/profiler/perf.go:185.101,187.2 1 0
github.com/josepdcs/kubectl-prof/pkg/agent/profiler/perf.go:189.50,190.11 1 0
github.com/josepdcs/kubectl-prof/pkg/agent/profiler/perf.go:191.16,192.14 1 0
github.com/josepdcs/kubectl-prof/pkg/agent/profiler/perf.go:193.16,194.16 1 0
github.com/josepdcs/kubectl-prof/pkg/agent/profiler/perf.go:195.10,196.17 1 0
github.com/josepdcs/kubectl-prof/pkg/agent/profiler/python.go:19.58,20.39 1 0
github.com/josepdcs/kubectl-prof/pkg/agent/profiler/python.go:30.2,30.31 1 0
github.com/josepdcs/kubectl-prof/pkg/agent/profiler/python.go:20.39,21.25 1 0
github.com/josepdcs/kubectl-prof/pkg/agent/profiler/python.go:22.23,23.33 1 0
github.com/josepdcs/kubectl-prof/pkg/agent/profiler/python.go:24.23,25.32 1 0
github.com/josepdcs/kubectl-prof/pkg/agent/profiler/python.go:26.11,27.32 1 0
github.com/josepdcs/kubectl-prof/pkg/agent/profiler/python.go:35.42,37.2 1 1
github.com/josepdcs/kubectl-prof/pkg/agent/profiler/python.go:39.64,41.2 1 0
github.com/josepdcs/kubectl-prof/pkg/agent/profiler/python.go:43.65,45.16 2 0
github.com/josepdcs/kubectl-prof/pkg/agent/profiler/python.go:48.2,57.24 8 0
github.com/josepdcs/kubectl-prof/pkg/agent/profiler/python.go:64.2,67.16 4 0
github.com/josepdcs/kubectl-prof/pkg/agent/profiler/python.go:72.2,72.38 1 0
github.com/josepdcs/kubectl-prof/pkg/agent/profiler/python.go:79.2,79.64 1 0
github.com/josepdcs/kubectl-prof/pkg/agent/profiler/python.go:45.16,47.3 1 0
github.com/josepdcs/kubectl-prof/pkg/agent/profiler/python.go:58.38,59.116 1 0
github.com/josepdcs/kubectl-prof/pkg/agent/profiler/python.go:60.22,61.56 1 0
github.com/josepdcs/kubectl-prof/pkg/agent/profiler/python.go:67.16,70.3 2 0
github.com/josepdcs/kubectl-prof/pkg/agent/profiler/python.go:72.38,74.17 2 0
github.com/josepdcs/kubectl-prof/pkg/agent/profiler/python.go:74.17,76.4 1 0
github.com/josepdcs/kubectl-prof/pkg/agent/profiler/root.go:15.82,16.14 1 1
github.com/josepdcs/kubectl-prof/pkg/agent/profiler/root.go:17.16,18.31 1 1
github.com/josepdcs/kubectl-prof/pkg/agent/profiler/root.go:19.54,20.23 1 1
github.com/josepdcs/kubectl-prof/pkg/agent/profiler/root.go:23.3,23.31 1 1
github.com/josepdcs/kubectl-prof/pkg/agent/profiler/root.go:24.18,25.34 1 1
github.com/josepdcs/kubectl-prof/pkg/agent/profiler/root.go:26.16,27.32 1 1
github.com/josepdcs/kubectl-prof/pkg/agent/profiler/root.go:28.10,29.74 1 1
github.com/josepdcs/kubectl-prof/pkg/agent/profiler/root.go:20.23,22.4 1 1
github.com/josepdcs/kubectl-prof/pkg/agent/profiler/ruby.go:17.58,18.39 1 0
github.com/josepdcs/kubectl-prof/pkg/agent/profiler/ruby.go:21.2,21.30 1 0
github.com/josepdcs/kubectl-prof/pkg/agent/profiler/ruby.go:18.39,20.3 1 0
github.com/josepdcs/kubectl-prof/pkg/agent/profiler/ruby.go:26.38,28.2 1 1
github.com/josepdcs/kubectl-prof/pkg/agent/profiler/ruby.go:30.62,32.2 1 0
github.com/josepdcs/kubectl-prof/pkg/agent/profiler/ruby.go:34.63,36.16 2 0
github.com/josepdcs/kubectl-prof/pkg/agent/profiler/ruby.go:39.2,49.16 10 0
github.com/josepdcs/kubectl-prof/pkg/agent/profiler/ruby.go:54.2,54.63 1 0
github.com/josepdcs/kubectl-prof/pkg/agent/profiler/ruby.go:36.16,38.3 1 0
github.com/josepdcs/kubectl-prof/pkg/agent/profiler/ruby.go:49.16,52.3 2 0
github.com/josepdcs/kubectl-prof/pkg/agent/profiler/bpf.go:24.59,25.39 1 1
github.com/josepdcs/kubectl-prof/pkg/agent/profiler/bpf.go:28.2,28.30 1 0
github.com/josepdcs/kubectl-prof/pkg/agent/profiler/bpf.go:25.39,27.3 1 1
github.com/josepdcs/kubectl-prof/pkg/agent/profiler/bpf.go:45.36,47.2 1 1
github.com/josepdcs/kubectl-prof/pkg/agent/profiler/bpf.go:49.61,51.16 2 1
github.com/josepdcs/kubectl-prof/pkg/agent/profiler/bpf.go:55.2,57.16 2 1
github.com/josepdcs/kubectl-prof/pkg/agent/profiler/bpf.go:61.2,61.47 1 1
github.com/josepdcs/kubectl-prof/pkg/agent/profiler/bpf.go:51.16,53.3 1 0
github.com/josepdcs/kubectl-prof/pkg/agent/profiler/bpf.go:57.16,59.3 1 0
github.com/josepdcs/kubectl-prof/pkg/agent/profiler/bpf.go:64.62,66.16 2 1
github.com/josepdcs/kubectl-prof/pkg/agent/profiler/bpf.go:70.2,72.16 3 1
github.com/josepdcs/kubectl-prof/pkg/agent/profiler/bpf.go:76.2,76.66 1 1
github.com/josepdcs/kubectl-prof/pkg/agent/profiler/bpf.go:66.16,68.3 1 1
github.com/josepdcs/kubectl-prof/pkg/agent/profiler/bpf.go:72.16,74.3 1 1
github.com/josepdcs/kubectl-prof/pkg/agent/profiler/bpf.go:79.52,82.16 3 0
github.com/josepdcs/kubectl-prof/pkg/agent/profiler/bpf.go:86.2,87.16 2 0
github.com/josepdcs/kubectl-prof/pkg/agent/profiler/bpf.go:91.2,91.12 1 0
github.com/josepdcs/kubectl-prof/pkg/agent/profiler/bpf.go:82.16,84.3 1 0
github.com/josepdcs/kubectl-prof/pkg/agent/profiler/bpf.go:87.16,89.3 1 0
github.com/josepdcs/kubectl-prof/pkg/agent/profiler/bpf.go:94.63,96.16 2 0
github.com/josepdcs/kubectl-prof/pkg/agent/profiler/bpf.go:99.2,102.16 3 0
github.com/josepdcs/kubectl-prof/pkg/agent/profiler/bpf.go:106.2,106.25 1 0
github.com/josepdcs/kubectl-prof/pkg/agent/profiler/bpf.go:114.2,121.16 7 0
github.com/josepdcs/kubectl-prof/pkg/agent/profiler/bpf.go:124.2,124.12 1 0
github.com/josepdcs/kubectl-prof/pkg/agent/profiler/bpf.go:96.16,98.3 1 0
github.com/josepdcs/kubectl-prof/pkg/agent/profiler/bpf.go:102.16,104.3 1 0
github.com/josepdcs/kubectl-prof/pkg/agent/profiler/bpf.go:106.25,108.17 2 0
github.com/josepdcs/kubectl-prof/pkg/agent/profiler/bpf.go:108.17,111.4 2 0
github.com/josepdcs/kubectl-prof/pkg/agent/profiler/bpf.go:121.16,123.3 1 0
github.com/josepdcs/kubectl-prof/pkg/agent/profiler/bpf.go:127.61,129.16 2 0
github.com/josepdcs/kubectl-prof/pkg/agent/profiler/bpf.go:133.2,133.33 1 0
github.com/josepdcs/kubectl-prof/pkg/agent/profiler/bpf.go:141.2,142.16 2 0
github.com/josepdcs/kubectl-prof/pkg/agent/profiler/bpf.go:146.2,146.34 1 0
github.com/josepdcs/kubectl-prof/pkg/agent/profiler/bpf.go:154.2,158.28 4 0
github.com/josepdcs/kubectl-prof/pkg/agent/profiler/bpf.go:129.16,131.3 1 0
github.com/josepdcs/kubectl-prof/pkg/agent/profiler/bpf.go:133.33,135.17 2 0
github.com/josepdcs/kubectl-prof/pkg/agent/profiler/bpf.go:135.17,138.4 2 0
github.com/josepdcs/kubectl-prof/pkg/agent/profiler/bpf.go:142.16,144.3 1 0
github.com/josepdcs/kubectl-prof/pkg/agent/profiler/bpf.go:146.34,148.17 2 0
github.com/josepdcs/kubectl-prof/pkg/agent/profiler/bpf.go:148.17,151.4 2 0
github.com/josepdcs/kubectl-prof/pkg/agent/profiler/bpf.go:161.100,163.2 1 0
github.com/josepdcs/kubectl-prof/pkg/cli/config/job.go:34.82,38.16 3 1
github.com/josepdcs/kubectl-prof/pkg/cli/config/job.go:42.2,43.16 2 1
github.com/josepdcs/kubectl-prof/pkg/cli/config/job.go:47.2,50.17 3 1
github.com/josepdcs/kubectl-prof/pkg/cli/config/job.go:38.16,40.3 1 1
github.com/josepdcs/kubectl-prof/pkg/cli/config/job.go:43.16,45.3 1 1
github.com/josepdcs/kubectl-prof/pkg/cli/config/job.go:55.71,56.37 1 1
github.com/josepdcs/kubectl-prof/pkg/cli/config/job.go:60.2,62.18 2 1
github.com/josepdcs/kubectl-prof/pkg/cli/config/job.go:71.2,71.21 1 1
github.com/josepdcs/kubectl-prof/pkg/cli/config/job.go:80.2,80.18 1 1
github.com/josepdcs/kubectl-prof/pkg/cli/config/job.go:56.37,58.3 1 1
github.com/josepdcs/kubectl-prof/pkg/cli/config/job.go:62.18,64.17 2 1
github.com/josepdcs/kubectl-prof/pkg/cli/config/job.go:68.3,68.32 1 1
github.com/josepdcs/kubectl-prof/pkg/cli/config/job.go:64.17,66.4 1 1
github.com/josepdcs/kubectl-prof/pkg/cli/config/job.go:71.21,73.17 2 1
github.com/josepdcs/kubectl-prof/pkg/cli/config/job.go:77.3,77.35 1 1
github.com/josepdcs/kubectl-prof/pkg/cli/config/job.go:73.17,75.4 1 1
github.com/josepdcs/kubectl-prof/pkg/cli/config/profiler.go:14.78,20.2 1 0
github.com/josepdcs/kubectl-prof/pkg/cli/config/profiler.go:23.78,26.2 2 0
github.com/josepdcs/kubectl-prof/pkg/cli/kubernetes/job/perf.go:16.110,22.38 4 1
github.com/josepdcs/kubectl-prof/pkg/cli/kubernetes/job/perf.go:26.2,29.16 3 1
github.com/josepdcs/kubectl-prof/pkg/cli/kubernetes/job/perf.go:33.2,90.41 2 1
github.com/josepdcs/kubectl-prof/pkg/cli/kubernetes/job/perf.go:94.2,94.21 1 1
github.com/josepdcs/kubectl-prof/pkg/cli/kubernetes/job/perf.go:22.38,24.3 1 1
github.com/josepdcs/kubectl-prof/pkg/cli/kubernetes/job/perf.go:29.16,31.3 1 1
github.com/josepdcs/kubectl-prof/pkg/cli/kubernetes/job/perf.go:90.41,92.3 1 1
github.com/josepdcs/kubectl-prof/pkg/cli/kubernetes/job/perf.go:98.67,100.19 2 1
github.com/josepdcs/kubectl-prof/pkg/cli/kubernetes/job/perf.go:105.2,105.18 1 1
github.com/josepdcs/kubectl-prof/pkg/cli/kubernetes/job/perf.go:100.19,102.3 1 1
github.com/josepdcs/kubectl-prof/pkg/cli/kubernetes/job/perf.go:102.8,104.3 1 1
github.com/josepdcs/kubectl-prof/pkg/cli/kubernetes/job/perf.go:108.94,120.2 1 1
github.com/josepdcs/kubectl-prof/pkg/cli/kubernetes/job/python.go:16.112,21.38 4 1
github.com/josepdcs/kubectl-prof/pkg/cli/kubernetes/job/python.go:25.2,28.16 3 1
github.com/josepdcs/kubectl-prof/pkg/cli/kubernetes/job/python.go:32.2,88.41 2 1
github.com/josepdcs/kubectl-prof/pkg/cli/kubernetes/job/python.go:92.2,92.21 1 1
github.com/josepdcs/kubectl-prof/pkg/cli/kubernetes/job/python.go:21.38,23.3 1 1
github.com/josepdcs/kubectl-prof/pkg/cli/kubernetes/job/python.go:28.16,30.3 1 1
github.com/josepdcs/kubectl-prof/pkg/cli/kubernetes/job/python.go:88.41,90.3 1 1
github.com/josepdcs/kubectl-prof/pkg/cli/kubernetes/job/python.go:96.69,98.19 2 1
github.com/josepdcs/kubectl-prof/pkg/cli/kubernetes/job/python.go:103.2,103.18 1 1
github.com/josepdcs/kubectl-prof/pkg/cli/kubernetes/job/python.go:98.19,100.3 1 1
github.com/josepdcs/kubectl-prof/pkg/cli/kubernetes/job/python.go:100.8,102.3 1 1
github.com/josepdcs/kubectl-prof/pkg/cli/kubernetes/job/python.go:106.96,118.2 1 1
github.com/josepdcs/kubectl-prof/pkg/cli/kubernetes/job/ruby.go:16.110,21.38 4 1
github.com/josepdcs/kubectl-prof/pkg/cli/kubernetes/job/ruby.go:25.2,28.16 3 1
github.com/josepdcs/kubectl-prof/pkg/cli/kubernetes/job/ruby.go:32.2,87.41 2 1
github.com/josepdcs/kubectl-prof/pkg/cli/kubernetes/job/ruby.go:91.2,91.21 1 1
github.com/josepdcs/kubectl-prof/pkg/cli/kubernetes/job/ruby.go:21.38,23.3 1 1
github.com/josepdcs/kubectl-prof/pkg/cli/kubernetes/job/ruby.go:28.16,30.3 1 1
github.com/josepdcs/kubectl-prof/pkg/cli/kubernetes/job/ruby.go:87.41,89.3 1 1
github.com/josepdcs/kubectl-prof/pkg/cli/kubernetes/job/ruby.go:95.67,97.19 2 1
github.com/josepdcs/kubectl-prof/pkg/cli/kubernetes/job/ruby.go:102.2,102.18 1 1
github.com/josepdcs/kubectl-prof/pkg/cli/kubernetes/job/ruby.go:97.19,99.3 1 1
github.com/josepdcs/kubectl-prof/pkg/cli/kubernetes/job/ruby.go:99.8,101.3 1 1
github.com/josepdcs/kubectl-prof/pkg/cli/kubernetes/job/ruby.go:105.94,117.2 1 1
github.com/josepdcs/kubectl-prof/pkg/cli/kubernetes/job/utils.go:10.84,26.28 2 1
github.com/josepdcs/kubectl-prof/pkg/cli/kubernetes/job/utils.go:30.2,30.13 1 1
github.com/josepdcs/kubectl-prof/pkg/cli/kubernetes/job/utils.go:26.28,28.3 1 1
github.com/josepdcs/kubectl-prof/pkg/cli/kubernetes/job/utils.go:33.31,33.44 1 1
github.com/josepdcs/kubectl-prof/pkg/cli/kubernetes/job/utils.go:34.31,34.44 1 0
github.com/josepdcs/kubectl-prof/pkg/cli/kubernetes/job/utils.go:35.31,35.44 1 0
github.com/josepdcs/kubectl-prof/pkg/cli/kubernetes/job/bpf.go:16.109,21.38 4 1
github.com/josepdcs/kubectl-prof/pkg/cli/kubernetes/job/bpf.go:25.2,28.16 3 1
github.com/josepdcs/kubectl-prof/pkg/cli/kubernetes/job/bpf.go:32.2,112.41 2 1
github.com/josepdcs/kubectl-prof/pkg/cli/kubernetes/job/bpf.go:116.2,116.21 1 1
github.com/josepdcs/kubectl-prof/pkg/cli/kubernetes/job/bpf.go:21.38,23.3 1 1
github.com/josepdcs/kubectl-prof/pkg/cli/kubernetes/job/bpf.go:28.16,30.3 1 1
github.com/josepdcs/kubectl-prof/pkg/cli/kubernetes/job/bpf.go:112.41,114.3 1 1
github.com/josepdcs/kubectl-prof/pkg/cli/kubernetes/job/bpf.go:120.66,122.19 2 1
github.com/josepdcs/kubectl-prof/pkg/cli/kubernetes/job/bpf.go:127.2,127.18 1 1
github.com/josepdcs/kubectl-prof/pkg/cli/kubernetes/job/bpf.go:122.19,124.3 1 1
github.com/josepdcs/kubectl-prof/pkg/cli/kubernetes/job/bpf.go:124.8,126.3 1 1
github.com/josepdcs/kubectl-prof/pkg/cli/kubernetes/job/bpf.go:130.93,142.2 1 1
github.com/josepdcs/kubectl-prof/pkg/cli/kubernetes/job/job_factory.go:23.81,24.14 1 1
github.com/josepdcs/kubectl-prof/pkg/cli/kubernetes/job/job_factory.go:39.2,39.60 1 1
github.com/josepdcs/kubectl-prof/pkg/cli/kubernetes/job/job_factory.go:25.16,26.28 1 1
github.com/josepdcs/kubectl-prof/pkg/cli/kubernetes/job/job_factory.go:27.54,28.23 1 1
github.com/josepdcs/kubectl-prof/pkg/cli/kubernetes/job/job_factory.go:31.3,31.28 1 1
github.com/josepdcs/kubectl-prof/pkg/cli/kubernetes/job/job_factory.go:32.18,33.31 1 1
github.com/josepdcs/kubectl-prof/pkg/cli/kubernetes/job/job_factory.go:34.16,35.29 1 1
github.com/josepdcs/kubectl-prof/pkg/cli/kubernetes/job/job_factory.go:28.23,30.4 1 1
github.com/josepdcs/kubectl-prof/pkg/cli/kubernetes/job/jvm.go:16.109,21.38 4 1
github.com/josepdcs/kubectl-prof/pkg/cli/kubernetes/job/jvm.go:25.2,28.16 3 1
github.com/josepdcs/kubectl-prof/pkg/cli/kubernetes/job/jvm.go:32.2,88.41 2 1
github.com/josepdcs/kubectl-prof/pkg/cli/kubernetes/job/jvm.go:92.2,92.21 1 1
github.com/josepdcs/kubectl-prof/pkg/cli/kubernetes/job/jvm.go:21.38,23.3 1 1
github.com/josepdcs/kubectl-prof/pkg/cli/kubernetes/job/jvm.go:28.16,30.3 1 1
github.com/josepdcs/kubectl-prof/pkg/cli/kubernetes/job/jvm.go:88.41,90.3 1 1
github.com/josepdcs/kubectl-prof/pkg/cli/kubernetes/job/jvm.go:95.66,96.19 1 1
github.com/josepdcs/kubectl-prof/pkg/cli/kubernetes/job/jvm.go:100.2,101.14 2 1
github.com/josepdcs/kubectl-prof/pkg/cli/kubernetes/job/jvm.go:105.2,105.49 1 1
github.com/josepdcs/kubectl-prof/pkg/cli/kubernetes/job/jvm.go:96.19,98.3 1 1
github.com/josepdcs/kubectl-prof/pkg/cli/kubernetes/job/jvm.go:101.14,103.3 1 1
github.com/josepdcs/kubectl-prof/pkg/cli/kubernetes/job/jvm.go:108.93,120.2 1 1
github.com/josepdcs/kubectl-prof/pkg/cli/kubernetes/connector.go:26.32,28.2 1 0
github.com/josepdcs/kubectl-prof/pkg/cli/kubernetes/connector.go:40.104,42.16 2 0
github.com/josepdcs/kubectl-prof/pkg/cli/kubernetes/connector.go:46.2,47.16 2 0
github.com/josepdcs/kubectl-prof/pkg/cli/kubernetes/connector.go:51.2,52.16 2 0
github.com/josepdcs/kubectl-prof/pkg/cli/kubernetes/connector.go:56.2,62.8 1 0
github.com/josepdcs/kubectl-prof/pkg/cli/kubernetes/connector.go:42.16,44.3 1 0
github.com/josepdcs/kubectl-prof/pkg/cli/kubernetes/connector.go:47.16,49.3 1 0
github.com/josepdcs/kubectl-prof/pkg/cli/kubernetes/connector.go:52.16,54.3 1 0
github.com/josepdcs/kubectl-prof/pkg/cli/kubernetes/creator.go:22.58,26.2 1 1
github.com/josepdcs/kubectl-prof/pkg/cli/kubernetes/creator.go:28.99,30.2 1 0
github.com/josepdcs/kubectl-prof/pkg/cli/kubernetes/creator.go:32.135,34.16 2 1
github.com/josepdcs/kubectl-prof/pkg/cli/kubernetes/creator.go:37.2,38.16 2 1
github.com/josepdcs/kubectl-prof/pkg/cli/kubernetes/creator.go:42.2,42.23 1 1
github.com/josepdcs/kubectl-prof/pkg/cli/kubernetes/creator.go:46.2,50.16 2 1
github.com/josepdcs/kubectl-prof/pkg/cli/kubernetes/creator.go:54.2,54.27 1 1
github.com/josepdcs/kubectl-prof/pkg/cli/kubernetes/creator.go:34.16,36.3 1 0
github.com/josepdcs/kubectl-prof/pkg/cli/kubernetes/creator.go:38.16,40.3 1 0
github.com/josepdcs/kubectl-prof/pkg/cli/kubernetes/creator.go:42.23,45.3 2 0
github.com/josepdcs/kubectl-prof/pkg/cli/kubernetes/creator.go:50.16,52.3 1 0
github.com/josepdcs/kubectl-prof/pkg/cli/kubernetes/creator.go:57.39,63.2 2 0
github.com/josepdcs/kubectl-prof/pkg/cli/kubernetes/deleter.go:15.58,19.2 1 0
github.com/josepdcs/kubectl-prof/pkg/cli/kubernetes/deleter.go:21.82,29.2 2 0
github.com/josepdcs/kubectl-prof/pkg/cli/kubernetes/getter.go:42.49,46.2 1 0
github.com/josepdcs/kubectl-prof/pkg/cli/kubernetes/getter.go:48.93,53.16 2 0
github.com/josepdcs/kubectl-prof/pkg/cli/kubernetes/getter.go:57.2,57.23 1 0
github.com/josepdcs/kubectl-prof/pkg/cli/kubernetes/getter.go:53.16,55.3 1 0
github.com/josepdcs/kubectl-prof/pkg/cli/kubernetes/getter.go:60.103,63.24 2 0
github.com/josepdcs/kubectl-prof/pkg/cli/kubernetes/getter.go:92.2,92.16 1 0
github.com/josepdcs/kubectl-prof/pkg/cli/kubernetes/getter.go:96.2,96.17 1 0
github.com/josepdcs/kubectl-prof/pkg/cli/kubernetes/getter.go:63.24,71.18 2 0
github.com/josepdcs/kubectl-prof/pkg/cli/kubernetes/getter.go:75.4,75.31 1 0
github.com/josepdcs/kubectl-prof/pkg/cli/kubernetes/getter.go:79.4,80.28 2 0
github.com/josepdcs/kubectl-prof/pkg/cli/kubernetes/getter.go:71.18,73.5 1 0
github.com/josepdcs/kubectl-prof/pkg/cli/kubernetes/getter.go:75.31,77.5 1 0
github.com/josepdcs/kubectl-prof/pkg/cli/kubernetes/getter.go:81.25,82.43 1 0
github.com/josepdcs/kubectl-prof/pkg/cli/kubernetes/getter.go:83.28,84.16 1 0
github.com/josepdcs/kubectl-prof/pkg/cli/kubernetes/getter.go:85.26,86.21 1 0
github.com/josepdcs/kubectl-prof/pkg/cli/kubernetes/getter.go:87.12,88.22 1 0
github.com/josepdcs/kubectl-prof/pkg/cli/kubernetes/getter.go:92.16,94.3 1 0
github.com/josepdcs/kubectl-prof/pkg/cli/kubernetes/getter.go:99.120,108.16 3 0
github.com/josepdcs/kubectl-prof/pkg/cli/kubernetes/getter.go:112.2,116.12 5 0
github.com/josepdcs/kubectl-prof/pkg/cli/kubernetes/getter.go:135.2,135.34 1 0
github.com/josepdcs/kubectl-prof/pkg/cli/kubernetes/getter.go:108.16,110.3 1 0
github.com/josepdcs/kubectl-prof/pkg/cli/kubernetes/getter.go:116.12,117.40 1 0
github.com/josepdcs/kubectl-prof/pkg/cli/kubernetes/getter.go:125.3,126.7 2 0
github.com/josepdcs/kubectl-prof/pkg/cli/kubernetes/getter.go:117.40,119.18 2 0
github.com/josepdcs/kubectl-prof/pkg/cli/kubernetes/getter.go:119.18,122.5 2 0
github.com/josepdcs/kubectl-prof/pkg/cli/kubernetes/getter.go:126.7,128.18 2 0
github.com/josepdcs/kubectl-prof/pkg/cli/kubernetes/getter.go:131.4,131.31 1 0
github.com/josepdcs/kubectl-prof/pkg/cli/kubernetes/getter.go:128.18,130.5 1 0
github.com/josepdcs/kubectl-prof/pkg/cli/kubernetes/getter.go:138.117,142.16 3 0
github.com/josepdcs/kubectl-prof/pkg/cli/kubernetes/getter.go:146.2,147.16 2 0
github.com/josepdcs/kubectl-prof/pkg/cli/kubernetes/getter.go:151.2,152.16 2 0
github.com/josepdcs/kubectl-prof/pkg/cli/kubernetes/getter.go:156.2,157.16 2 0
github.com/josepdcs/kubectl-prof/pkg/cli/kubernetes/getter.go:161.2,161.12 1 0
github.com/josepdcs/kubectl-prof/pkg/cli/kubernetes/getter.go:142.16,144.3 1 0
github.com/josepdcs/kubectl-prof/pkg/cli/kubernetes/getter.go:147.16,149.3 1 0
github.com/josepdcs/kubectl-prof/pkg/cli/kubernetes/getter.go:152.16,154.3 1 0
github.com/josepdcs/kubectl-prof/pkg/cli/kubernetes/getter.go:157.16,159.3 1 0
github.com/josepdcs/kubectl-prof/pkg/cli/kubernetes/utils.go:8.74,9.63 1 0
github.com/josepdcs/kubectl-prof/pkg/cli/kubernetes/utils.go:15.2,15.75 1 0
github.com/josepdcs/kubectl-prof/pkg/cli/kubernetes/utils.go:9.63,10.44 1 0
github.com/josepdcs/kubectl-prof/pkg/cli/kubernetes/utils.go:10.44,12.4 1 0
