mode: set
github.com/josepdcs/kubectl-prof/pkg/agent/utils/runtimes/containerd/containerd.go:12.34,14.2 1 1
github.com/josepdcs/kubectl-prof/pkg/agent/utils/runtimes/containerd/containerd.go:16.47,18.2 1 1
github.com/josepdcs/kubectl-prof/pkg/agent/utils/runtimes/containerd/containerd.go:20.46,22.2 1 1
github.com/josepdcs/kubectl-prof/pkg/agent/utils/runtimes/containerd/containerd.go:24.81,25.23 1 1
github.com/josepdcs/kubectl-prof/pkg/agent/utils/runtimes/containerd/containerd.go:29.2,29.33 1 1
github.com/josepdcs/kubectl-prof/pkg/agent/utils/runtimes/containerd/containerd.go:25.23,27.3 1 1
github.com/josepdcs/kubectl-prof/pkg/agent/utils/runtimes/containerd/containerd.go:32.62,33.23 1 1
github.com/josepdcs/kubectl-prof/pkg/agent/utils/runtimes/containerd/containerd.go:37.2,39.16 3 1
github.com/josepdcs/kubectl-prof/pkg/agent/utils/runtimes/containerd/containerd.go:43.2,43.25 1 1
github.com/josepdcs/kubectl-prof/pkg/agent/utils/runtimes/containerd/containerd.go:33.23,35.3 1 1
github.com/josepdcs/kubectl-prof/pkg/agent/utils/runtimes/containerd/containerd.go:39.16,41.3 1 1
github.com/josepdcs/kubectl-prof/pkg/agent/utils/runtimes/crio/crio.go:15.22,17.2 1 1
github.com/josepdcs/kubectl-prof/pkg/agent/utils/runtimes/crio/crio.go:19.54,21.2 1 1
github.com/josepdcs/kubectl-prof/pkg/agent/utils/runtimes/crio/crio.go:23.53,25.2 1 1
github.com/josepdcs/kubectl-prof/pkg/agent/utils/runtimes/crio/crio.go:27.75,28.23 1 1
github.com/josepdcs/kubectl-prof/pkg/agent/utils/runtimes/crio/crio.go:32.2,33.16 2 1
github.com/josepdcs/kubectl-prof/pkg/agent/utils/runtimes/crio/crio.go:36.2,36.28 1 1
github.com/josepdcs/kubectl-prof/pkg/agent/utils/runtimes/crio/crio.go:28.23,30.3 1 1
github.com/josepdcs/kubectl-prof/pkg/agent/utils/runtimes/crio/crio.go:33.16,35.3 1 1
github.com/josepdcs/kubectl-prof/pkg/agent/utils/runtimes/crio/crio.go:40.57,42.16 2 1
github.com/josepdcs/kubectl-prof/pkg/agent/utils/runtimes/crio/crio.go:46.2,48.16 3 1
github.com/josepdcs/kubectl-prof/pkg/agent/utils/runtimes/crio/crio.go:52.2,52.20 1 1
github.com/josepdcs/kubectl-prof/pkg/agent/utils/runtimes/crio/crio.go:42.16,44.3 1 1
github.com/josepdcs/kubectl-prof/pkg/agent/utils/runtimes/crio/crio.go:48.16,50.3 1 1
github.com/josepdcs/kubectl-prof/pkg/agent/utils/runtimes/crio/crio.go:55.56,56.23 1 1
github.com/josepdcs/kubectl-prof/pkg/agent/utils/runtimes/crio/crio.go:60.2,61.16 2 1
github.com/josepdcs/kubectl-prof/pkg/agent/utils/runtimes/crio/crio.go:64.2,64.37 1 1
github.com/josepdcs/kubectl-prof/pkg/agent/utils/runtimes/crio/crio.go:56.23,58.3 1 1
github.com/josepdcs/kubectl-prof/pkg/agent/utils/runtimes/crio/crio.go:61.16,63.3 1 1
github.com/josepdcs/kubectl-prof/pkg/agent/utils/runtimes/crio/crio.go:68.58,70.16 2 1
github.com/josepdcs/kubectl-prof/pkg/agent/utils/runtimes/crio/crio.go:74.2,76.16 3 1
github.com/josepdcs/kubectl-prof/pkg/agent/utils/runtimes/crio/crio.go:80.2,80.20 1 1
github.com/josepdcs/kubectl-prof/pkg/agent/utils/runtimes/crio/crio.go:70.16,72.3 1 1
github.com/josepdcs/kubectl-prof/pkg/agent/utils/runtimes/crio/crio.go:76.16,78.3 1 1
github.com/josepdcs/kubectl-prof/pkg/agent/config/profiling_job.go:25.40,28.2 2 1
github.com/josepdcs/kubectl-prof/pkg/agent/utils/container.go:18.54,20.2 1 1
github.com/josepdcs/kubectl-prof/pkg/agent/utils/container.go:22.63,23.13 1 1
github.com/josepdcs/kubectl-prof/pkg/agent/utils/container.go:26.2,26.11 1 1
github.com/josepdcs/kubectl-prof/pkg/agent/utils/container.go:23.13,25.3 1 1
github.com/josepdcs/kubectl-prof/pkg/agent/utils/container.go:27.16,28.29 1 1
github.com/josepdcs/kubectl-prof/pkg/agent/utils/container.go:29.22,30.41 1 1
github.com/josepdcs/kubectl-prof/pkg/agent/utils/container.go:31.10,32.68 1 1
github.com/josepdcs/kubectl-prof/pkg/agent/utils/container.go:36.86,37.34 1 1
github.com/josepdcs/kubectl-prof/pkg/agent/utils/container.go:41.2,41.21 1 1
github.com/josepdcs/kubectl-prof/pkg/agent/utils/container.go:44.2,45.16 2 1
github.com/josepdcs/kubectl-prof/pkg/agent/utils/container.go:48.2,48.46 1 1
github.com/josepdcs/kubectl-prof/pkg/agent/utils/container.go:37.34,39.3 1 1
github.com/josepdcs/kubectl-prof/pkg/agent/utils/container.go:41.21,43.3 1 0
github.com/josepdcs/kubectl-prof/pkg/agent/utils/container.go:45.16,47.3 1 1
github.com/josepdcs/kubectl-prof/pkg/agent/utils/container.go:51.72,52.57 1 1
github.com/josepdcs/kubectl-prof/pkg/agent/utils/container.go:56.2,56.40 1 1
github.com/josepdcs/kubectl-prof/pkg/agent/utils/container.go:62.2,63.16 2 1
github.com/josepdcs/kubectl-prof/pkg/agent/utils/container.go:66.2,66.31 1 1
github.com/josepdcs/kubectl-prof/pkg/agent/utils/container.go:52.57,54.3 1 1
github.com/josepdcs/kubectl-prof/pkg/agent/utils/container.go:56.40,57.11 1 0
github.com/josepdcs/kubectl-prof/pkg/agent/utils/container.go:60.3,60.37 1 0
github.com/josepdcs/kubectl-prof/pkg/agent/utils/container.go:57.11,59.4 1 0
github.com/josepdcs/kubectl-prof/pkg/agent/utils/container.go:63.16,65.3 1 1
github.com/josepdcs/kubectl-prof/pkg/agent/utils/exec.go:9.52,13.26 4 1
github.com/josepdcs/kubectl-prof/pkg/agent/utils/exec.go:17.2,19.35 2 1
github.com/josepdcs/kubectl-prof/pkg/agent/utils/exec.go:13.26,16.3 2 1
github.com/josepdcs/kubectl-prof/pkg/agent/utils/exec.go:22.57,26.16 3 1
github.com/josepdcs/kubectl-prof/pkg/agent/utils/exec.go:32.2,32.38 1 1
github.com/josepdcs/kubectl-prof/pkg/agent/utils/exec.go:26.16,27.49 1 0
github.com/josepdcs/kubectl-prof/pkg/agent/utils/exec.go:27.49,29.4 1 0
github.com/josepdcs/kubectl-prof/pkg/agent/utils/publisher.go:14.76,16.16 2 1
github.com/josepdcs/kubectl-prof/pkg/agent/utils/publisher.go:20.2,22.16 3 1
github.com/josepdcs/kubectl-prof/pkg/agent/utils/publisher.go:26.2,27.16 2 1
github.com/josepdcs/kubectl-prof/pkg/agent/utils/publisher.go:30.2,31.16 2 1
github.com/josepdcs/kubectl-prof/pkg/agent/utils/publisher.go:35.2,37.16 3 1
github.com/josepdcs/kubectl-prof/pkg/agent/utils/publisher.go:41.2,48.3 1 1
github.com/josepdcs/kubectl-prof/pkg/agent/utils/publisher.go:16.16,18.3 1 1
github.com/josepdcs/kubectl-prof/pkg/agent/utils/publisher.go:22.16,24.3 1 0
github.com/josepdcs/kubectl-prof/pkg/agent/utils/publisher.go:27.16,29.3 1 1
github.com/josepdcs/kubectl-prof/pkg/agent/utils/publisher.go:31.16,33.3 1 0
github.com/josepdcs/kubectl-prof/pkg/agent/utils/publisher.go:37.16,39.3 1 0
github.com/josepdcs/kubectl-prof/pkg/agent/utils/publisher.go:51.30,54.2 2 0
github.com/josepdcs/kubectl-prof/pkg/agent/utils/publisher.go:56.68,58.16 2 1
github.com/josepdcs/kubectl-prof/pkg/agent/utils/publisher.go:62.2,66.16 4 1
github.com/josepdcs/kubectl-prof/pkg/agent/utils/publisher.go:70.2,71.12 2 1
github.com/josepdcs/kubectl-prof/pkg/agent/utils/publisher.go:58.16,60.3 1 0
github.com/josepdcs/kubectl-prof/pkg/agent/utils/publisher.go:66.16,68.3 1 0
github.com/josepdcs/kubectl-prof/pkg/agent/utils/publisher.go:74.54,75.18 1 1
github.com/josepdcs/kubectl-prof/pkg/agent/utils/publisher.go:75.18,83.3 1 1
github.com/josepdcs/kubectl-prof/pkg/cli/config/job.go:34.82,38.16 3 1
github.com/josepdcs/kubectl-prof/pkg/cli/config/job.go:42.2,43.16 2 1
github.com/josepdcs/kubectl-prof/pkg/cli/config/job.go:47.2,50.17 3 1
github.com/josepdcs/kubectl-prof/pkg/cli/config/job.go:38.16,40.3 1 1
github.com/josepdcs/kubectl-prof/pkg/cli/config/job.go:43.16,45.3 1 1
github.com/josepdcs/kubectl-prof/pkg/cli/config/job.go:55.71,56.37 1 1
github.com/josepdcs/kubectl-prof/pkg/cli/config/job.go:60.2,62.18 2 1
github.com/josepdcs/kubectl-prof/pkg/cli/config/job.go:71.2,71.21 1 1
github.com/josepdcs/kubectl-prof/pkg/cli/config/job.go:80.2,80.18 1 1
github.com/josepdcs/kubectl-prof/pkg/cli/config/job.go:56.37,58.3 1 1
github.com/josepdcs/kubectl-prof/pkg/cli/config/job.go:62.18,64.17 2 1
github.com/josepdcs/kubectl-prof/pkg/cli/config/job.go:68.3,68.32 1 1
github.com/josepdcs/kubectl-prof/pkg/cli/config/job.go:64.17,66.4 1 1
github.com/josepdcs/kubectl-prof/pkg/cli/config/job.go:71.21,73.17 2 1
github.com/josepdcs/kubectl-prof/pkg/cli/config/job.go:77.3,77.35 1 1
github.com/josepdcs/kubectl-prof/pkg/cli/config/job.go:73.17,75.4 1 1
github.com/josepdcs/kubectl-prof/pkg/cli/config/profiler.go:14.78,20.2 1 0
github.com/josepdcs/kubectl-prof/pkg/cli/config/profiler.go:23.78,26.2 2 0
github.com/josepdcs/kubectl-prof/pkg/agent/profiler/jvm.go:39.59,40.39 1 0
github.com/josepdcs/kubectl-prof/pkg/agent/profiler/jvm.go:62.2,62.31 1 0
github.com/josepdcs/kubectl-prof/pkg/agent/profiler/jvm.go:40.39,41.25 1 0
github.com/josepdcs/kubectl-prof/pkg/agent/profiler/jvm.go:42.16,43.28 1 0
github.com/josepdcs/kubectl-prof/pkg/agent/profiler/jvm.go:44.23,45.32 1 0
github.com/josepdcs/kubectl-prof/pkg/agent/profiler/jvm.go:46.21,47.32 1 0
github.com/josepdcs/kubectl-prof/pkg/agent/profiler/jvm.go:48.26,49.35 1 0
github.com/josepdcs/kubectl-prof/pkg/agent/profiler/jvm.go:50.17,51.26 1 0
github.com/josepdcs/kubectl-prof/pkg/agent/profiler/jvm.go:52.19,53.28 1 0
github.com/josepdcs/kubectl-prof/pkg/agent/profiler/jvm.go:54.22,55.31 1 0
github.com/josepdcs/kubectl-prof/pkg/agent/profiler/jvm.go:56.17,57.27 1 0
github.com/josepdcs/kubectl-prof/pkg/agent/profiler/jvm.go:58.11,59.33 1 0
github.com/josepdcs/kubectl-prof/pkg/agent/profiler/jvm.go:65.88,67.35 2 0
github.com/josepdcs/kubectl-prof/pkg/agent/profiler/jvm.go:80.2,82.114 3 0
github.com/josepdcs/kubectl-prof/pkg/agent/profiler/jvm.go:67.35,68.25 1 0
github.com/josepdcs/kubectl-prof/pkg/agent/profiler/jvm.go:69.16,70.109 1 0
github.com/josepdcs/kubectl-prof/pkg/agent/profiler/jvm.go:71.23,72.51 1 0
github.com/josepdcs/kubectl-prof/pkg/agent/profiler/jvm.go:73.21,74.61 1 0
github.com/josepdcs/kubectl-prof/pkg/agent/profiler/jvm.go:75.26,76.57 1 0
github.com/josepdcs/kubectl-prof/pkg/agent/profiler/jvm.go:99.36,101.2 1 1
github.com/josepdcs/kubectl-prof/pkg/agent/profiler/jvm.go:103.61,105.16 2 0
github.com/josepdcs/kubectl-prof/pkg/agent/profiler/jvm.go:108.2,111.16 3 0
github.com/josepdcs/kubectl-prof/pkg/agent/profiler/jvm.go:115.2,116.16 2 0
github.com/josepdcs/kubectl-prof/pkg/agent/profiler/jvm.go:120.2,120.59 1 0
github.com/josepdcs/kubectl-prof/pkg/agent/profiler/jvm.go:105.16,107.3 1 0
github.com/josepdcs/kubectl-prof/pkg/agent/profiler/jvm.go:111.16,113.3 1 0
github.com/josepdcs/kubectl-prof/pkg/agent/profiler/jvm.go:116.16,118.3 1 0
github.com/josepdcs/kubectl-prof/pkg/agent/profiler/jvm.go:123.62,125.16 2 0
github.com/josepdcs/kubectl-prof/pkg/agent/profiler/jvm.go:128.2,138.16 9 0
github.com/josepdcs/kubectl-prof/pkg/agent/profiler/jvm.go:144.2,145.16 2 0
github.com/josepdcs/kubectl-prof/pkg/agent/profiler/jvm.go:149.2,149.66 1 0
github.com/josepdcs/kubectl-prof/pkg/agent/profiler/jvm.go:125.16,127.3 1 0
github.com/josepdcs/kubectl-prof/pkg/agent/profiler/jvm.go:138.16,142.3 3 0
github.com/josepdcs/kubectl-prof/pkg/agent/profiler/jvm.go:145.16,147.3 1 0
github.com/josepdcs/kubectl-prof/pkg/agent/profiler/jvm.go:152.63,154.16 2 0
github.com/josepdcs/kubectl-prof/pkg/agent/profiler/jvm.go:158.2,160.16 3 0
github.com/josepdcs/kubectl-prof/pkg/agent/profiler/jvm.go:164.2,164.28 1 0
github.com/josepdcs/kubectl-prof/pkg/agent/profiler/jvm.go:154.16,156.3 1 0
github.com/josepdcs/kubectl-prof/pkg/agent/profiler/jvm.go:160.16,162.3 1 0
github.com/josepdcs/kubectl-prof/pkg/agent/profiler/jvm.go:167.79,168.22 1 0
github.com/josepdcs/kubectl-prof/pkg/agent/profiler/jvm.go:171.2,172.18 2 0
github.com/josepdcs/kubectl-prof/pkg/agent/profiler/jvm.go:168.22,170.3 1 0
github.com/josepdcs/kubectl-prof/pkg/agent/profiler/jvm.go:175.108,176.35 1 0
github.com/josepdcs/kubectl-prof/pkg/agent/profiler/jvm.go:191.2,191.12 1 0
github.com/josepdcs/kubectl-prof/pkg/agent/profiler/jvm.go:176.35,177.25 1 0
github.com/josepdcs/kubectl-prof/pkg/agent/profiler/jvm.go:178.16,179.35 1 0
github.com/josepdcs/kubectl-prof/pkg/agent/profiler/jvm.go:180.42,182.18 2 0
github.com/josepdcs/kubectl-prof/pkg/agent/profiler/jvm.go:185.11,186.55 1 0
github.com/josepdcs/kubectl-prof/pkg/agent/profiler/jvm.go:182.18,184.5 1 0
github.com/josepdcs/kubectl-prof/pkg/agent/profiler/jvm.go:188.8,190.3 1 0
github.com/josepdcs/kubectl-prof/pkg/agent/profiler/jvm.go:194.56,197.16 3 0
github.com/josepdcs/kubectl-prof/pkg/agent/profiler/jvm.go:201.2,201.40 1 0
github.com/josepdcs/kubectl-prof/pkg/agent/profiler/jvm.go:208.2,208.12 1 0
github.com/josepdcs/kubectl-prof/pkg/agent/profiler/jvm.go:237.2,240.16 3 0
github.com/josepdcs/kubectl-prof/pkg/agent/profiler/jvm.go:245.2,245.8 1 0
github.com/josepdcs/kubectl-prof/pkg/agent/profiler/jvm.go:197.16,200.3 2 0
github.com/josepdcs/kubectl-prof/pkg/agent/profiler/jvm.go:201.40,203.17 2 0
github.com/josepdcs/kubectl-prof/pkg/agent/profiler/jvm.go:203.17,205.4 1 0
github.com/josepdcs/kubectl-prof/pkg/agent/profiler/jvm.go:208.12,209.7 1 0
github.com/josepdcs/kubectl-prof/pkg/agent/profiler/jvm.go:209.7,210.11 1 0
github.com/josepdcs/kubectl-prof/pkg/agent/profiler/jvm.go:211.39,212.12 1 0
github.com/josepdcs/kubectl-prof/pkg/agent/profiler/jvm.go:215.5,215.50 1 0
github.com/josepdcs/kubectl-prof/pkg/agent/profiler/jvm.go:227.37,228.12 1 0
github.com/josepdcs/kubectl-prof/pkg/agent/profiler/jvm.go:231.5,232.55 2 0
github.com/josepdcs/kubectl-prof/pkg/agent/profiler/jvm.go:212.12,214.6 1 0
github.com/josepdcs/kubectl-prof/pkg/agent/profiler/jvm.go:215.50,218.20 3 0
github.com/josepdcs/kubectl-prof/pkg/agent/profiler/jvm.go:223.6,223.22 1 0
github.com/josepdcs/kubectl-prof/pkg/agent/profiler/jvm.go:218.20,222.7 3 0
github.com/josepdcs/kubectl-prof/pkg/agent/profiler/jvm.go:223.22,225.7 1 0
github.com/josepdcs/kubectl-prof/pkg/agent/profiler/jvm.go:228.12,230.6 1 0
github.com/josepdcs/kubectl-prof/pkg/agent/profiler/jvm.go:240.16,243.3 2 0
github.com/josepdcs/kubectl-prof/pkg/agent/profiler/jvm.go:248.100,250.2 1 0
github.com/josepdcs/kubectl-prof/pkg/agent/profiler/perf.go:23.60,24.39 1 1
github.com/josepdcs/kubectl-prof/pkg/agent/profiler/perf.go:27.2,27.30 1 0
github.com/josepdcs/kubectl-prof/pkg/agent/profiler/perf.go:24.39,26.3 1 1
github.com/josepdcs/kubectl-prof/pkg/agent/profiler/perf.go:45.38,47.2 1 1
github.com/josepdcs/kubectl-prof/pkg/agent/profiler/perf.go:49.62,51.2 1 1
github.com/josepdcs/kubectl-prof/pkg/agent/profiler/perf.go:53.63,55.16 2 1
github.com/josepdcs/kubectl-prof/pkg/agent/profiler/perf.go:59.2,60.16 2 1
github.com/josepdcs/kubectl-prof/pkg/agent/profiler/perf.go:64.2,65.16 2 1
github.com/josepdcs/kubectl-prof/pkg/agent/profiler/perf.go:69.2,70.16 2 1
github.com/josepdcs/kubectl-prof/pkg/agent/profiler/perf.go:74.2,74.77 1 1
github.com/josepdcs/kubectl-prof/pkg/agent/profiler/perf.go:55.16,57.3 1 1
github.com/josepdcs/kubectl-prof/pkg/agent/profiler/perf.go:60.16,62.3 1 1
github.com/josepdcs/kubectl-prof/pkg/agent/profiler/perf.go:65.16,67.3 1 1
github.com/josepdcs/kubectl-prof/pkg/agent/profiler/perf.go:70.16,72.3 1 1
github.com/josepdcs/kubectl-prof/pkg/agent/profiler/perf.go:77.64,80.16 3 0
github.com/josepdcs/kubectl-prof/pkg/agent/profiler/perf.go:83.2,83.28 1 0
github.com/josepdcs/kubectl-prof/pkg/agent/profiler/perf.go:80.16,82.3 1 0
github.com/josepdcs/kubectl-prof/pkg/agent/profiler/perf.go:86.66,88.16 2 0
github.com/josepdcs/kubectl-prof/pkg/agent/profiler/perf.go:91.2,100.16 7 0
github.com/josepdcs/kubectl-prof/pkg/agent/profiler/perf.go:103.2,103.12 1 0
github.com/josepdcs/kubectl-prof/pkg/agent/profiler/perf.go:88.16,90.3 1 0
github.com/josepdcs/kubectl-prof/pkg/agent/profiler/perf.go:100.16,102.3 1 0
github.com/josepdcs/kubectl-prof/pkg/agent/profiler/perf.go:106.66,108.16 2 0
github.com/josepdcs/kubectl-prof/pkg/agent/profiler/perf.go:111.2,111.25 1 0
github.com/josepdcs/kubectl-prof/pkg/agent/profiler/perf.go:119.2,125.16 6 0
github.com/josepdcs/kubectl-prof/pkg/agent/profiler/perf.go:128.2,128.12 1 0
github.com/josepdcs/kubectl-prof/pkg/agent/profiler/perf.go:108.16,110.3 1 0
github.com/josepdcs/kubectl-prof/pkg/agent/profiler/perf.go:111.25,113.17 2 0
github.com/josepdcs/kubectl-prof/pkg/agent/profiler/perf.go:113.17,116.4 2 0
github.com/josepdcs/kubectl-prof/pkg/agent/profiler/perf.go:125.16,127.3 1 0
github.com/josepdcs/kubectl-prof/pkg/agent/profiler/perf.go:131.67,133.16 2 0
github.com/josepdcs/kubectl-prof/pkg/agent/profiler/perf.go:136.2,136.25 1 0
github.com/josepdcs/kubectl-prof/pkg/agent/profiler/perf.go:144.2,150.16 6 0
github.com/josepdcs/kubectl-prof/pkg/agent/profiler/perf.go:153.2,153.12 1 0
github.com/josepdcs/kubectl-prof/pkg/agent/profiler/perf.go:133.16,135.3 1 0
github.com/josepdcs/kubectl-prof/pkg/agent/profiler/perf.go:136.25,138.17 2 0
github.com/josepdcs/kubectl-prof/pkg/agent/profiler/perf.go:138.17,141.4 2 0
github.com/josepdcs/kubectl-prof/pkg/agent/profiler/perf.go:150.16,152.3 1 0
github.com/josepdcs/kubectl-prof/pkg/agent/profiler/perf.go:156.71,158.16 2 0
github.com/josepdcs/kubectl-prof/pkg/agent/profiler/perf.go:161.2,161.33 1 0
github.com/josepdcs/kubectl-prof/pkg/agent/profiler/perf.go:169.2,170.16 2 0
github.com/josepdcs/kubectl-prof/pkg/agent/profiler/perf.go:173.2,173.34 1 0
github.com/josepdcs/kubectl-prof/pkg/agent/profiler/perf.go:181.2,188.16 7 0
github.com/josepdcs/kubectl-prof/pkg/agent/profiler/perf.go:191.2,191.12 1 0
github.com/josepdcs/kubectl-prof/pkg/agent/profiler/perf.go:158.16,160.3 1 0
github.com/josepdcs/kubectl-prof/pkg/agent/profiler/perf.go:161.33,163.17 2 0
github.com/josepdcs/kubectl-prof/pkg/agent/profiler/perf.go:163.17,166.4 2 0
github.com/josepdcs/kubectl-prof/pkg/agent/profiler/perf.go:170.16,172.3 1 0
github.com/josepdcs/kubectl-prof/pkg/agent/profiler/perf.go:173.34,175.17 2 0
github.com/josepdcs/kubectl-prof/pkg/agent/profiler/perf.go:175.17,178.4 2 0
github.com/josepdcs/kubectl-prof/pkg/agent/profiler/perf.go:188.16,190.3 1 0
github.com/josepdcs/kubectl-prof/pkg/agent/profiler/perf.go:194.101,196.2 1 0
github.com/josepdcs/kubectl-prof/pkg/agent/profiler/perf.go:198.50,199.11 1 0
github.com/josepdcs/kubectl-prof/pkg/agent/profiler/perf.go:200.16,201.14 1 0
github.com/josepdcs/kubectl-prof/pkg/agent/profiler/perf.go:202.16,203.16 1 0
github.com/josepdcs/kubectl-prof/pkg/agent/profiler/perf.go:204.10,205.17 1 0
github.com/josepdcs/kubectl-prof/pkg/agent/profiler/python.go:20.58,21.39 1 0
github.com/josepdcs/kubectl-prof/pkg/agent/profiler/python.go:31.2,31.31 1 0
github.com/josepdcs/kubectl-prof/pkg/agent/profiler/python.go:21.39,22.25 1 0
github.com/josepdcs/kubectl-prof/pkg/agent/profiler/python.go:23.23,24.33 1 0
github.com/josepdcs/kubectl-prof/pkg/agent/profiler/python.go:25.23,26.32 1 0
github.com/josepdcs/kubectl-prof/pkg/agent/profiler/python.go:27.11,28.32 1 0
github.com/josepdcs/kubectl-prof/pkg/agent/profiler/python.go:36.42,38.2 1 1
github.com/josepdcs/kubectl-prof/pkg/agent/profiler/python.go:40.64,42.2 1 0
github.com/josepdcs/kubectl-prof/pkg/agent/profiler/python.go:44.65,46.16 2 0
github.com/josepdcs/kubectl-prof/pkg/agent/profiler/python.go:49.2,58.24 8 0
github.com/josepdcs/kubectl-prof/pkg/agent/profiler/python.go:65.2,68.16 4 0
github.com/josepdcs/kubectl-prof/pkg/agent/profiler/python.go:73.2,73.38 1 0
github.com/josepdcs/kubectl-prof/pkg/agent/profiler/python.go:80.2,80.64 1 0
github.com/josepdcs/kubectl-prof/pkg/agent/profiler/python.go:46.16,48.3 1 0
github.com/josepdcs/kubectl-prof/pkg/agent/profiler/python.go:59.38,60.116 1 0
github.com/josepdcs/kubectl-prof/pkg/agent/profiler/python.go:61.22,62.56 1 0
github.com/josepdcs/kubectl-prof/pkg/agent/profiler/python.go:68.16,71.3 2 0
github.com/josepdcs/kubectl-prof/pkg/agent/profiler/python.go:73.38,75.17 2 0
github.com/josepdcs/kubectl-prof/pkg/agent/profiler/python.go:75.17,77.4 1 0
github.com/josepdcs/kubectl-prof/pkg/agent/profiler/python.go:83.66,86.16 3 0
github.com/josepdcs/kubectl-prof/pkg/agent/profiler/python.go:89.2,89.28 1 0
github.com/josepdcs/kubectl-prof/pkg/agent/profiler/python.go:86.16,88.3 1 0
github.com/josepdcs/kubectl-prof/pkg/agent/profiler/root.go:16.82,17.14 1 1
github.com/josepdcs/kubectl-prof/pkg/agent/profiler/root.go:18.16,19.31 1 1
github.com/josepdcs/kubectl-prof/pkg/agent/profiler/root.go:20.54,21.23 1 1
github.com/josepdcs/kubectl-prof/pkg/agent/profiler/root.go:24.3,24.31 1 1
github.com/josepdcs/kubectl-prof/pkg/agent/profiler/root.go:25.18,26.34 1 1
github.com/josepdcs/kubectl-prof/pkg/agent/profiler/root.go:27.16,28.32 1 1
github.com/josepdcs/kubectl-prof/pkg/agent/profiler/root.go:29.10,30.74 1 1
github.com/josepdcs/kubectl-prof/pkg/agent/profiler/root.go:21.23,23.4 1 1
github.com/josepdcs/kubectl-prof/pkg/agent/profiler/ruby.go:18.58,19.39 1 0
github.com/josepdcs/kubectl-prof/pkg/agent/profiler/ruby.go:22.2,22.30 1 0
github.com/josepdcs/kubectl-prof/pkg/agent/profiler/ruby.go:19.39,21.3 1 0
github.com/josepdcs/kubectl-prof/pkg/agent/profiler/ruby.go:27.38,29.2 1 1
github.com/josepdcs/kubectl-prof/pkg/agent/profiler/ruby.go:31.62,33.2 1 0
github.com/josepdcs/kubectl-prof/pkg/agent/profiler/ruby.go:35.63,37.16 2 0
github.com/josepdcs/kubectl-prof/pkg/agent/profiler/ruby.go:40.2,50.16 10 0
github.com/josepdcs/kubectl-prof/pkg/agent/profiler/ruby.go:55.2,55.63 1 0
github.com/josepdcs/kubectl-prof/pkg/agent/profiler/ruby.go:37.16,39.3 1 0
github.com/josepdcs/kubectl-prof/pkg/agent/profiler/ruby.go:50.16,53.3 2 0
github.com/josepdcs/kubectl-prof/pkg/agent/profiler/ruby.go:58.64,61.16 3 0
github.com/josepdcs/kubectl-prof/pkg/agent/profiler/ruby.go:64.2,64.28 1 0
github.com/josepdcs/kubectl-prof/pkg/agent/profiler/ruby.go:61.16,63.3 1 0
github.com/josepdcs/kubectl-prof/pkg/agent/profiler/bpf.go:24.59,25.39 1 1
github.com/josepdcs/kubectl-prof/pkg/agent/profiler/bpf.go:28.2,28.30 1 0
github.com/josepdcs/kubectl-prof/pkg/agent/profiler/bpf.go:25.39,27.3 1 1
github.com/josepdcs/kubectl-prof/pkg/agent/profiler/bpf.go:45.36,47.2 1 1
github.com/josepdcs/kubectl-prof/pkg/agent/profiler/bpf.go:49.61,51.16 2 1
github.com/josepdcs/kubectl-prof/pkg/agent/profiler/bpf.go:55.2,57.16 2 1
github.com/josepdcs/kubectl-prof/pkg/agent/profiler/bpf.go:61.2,61.47 1 1
github.com/josepdcs/kubectl-prof/pkg/agent/profiler/bpf.go:51.16,53.3 1 0
github.com/josepdcs/kubectl-prof/pkg/agent/profiler/bpf.go:57.16,59.3 1 0
github.com/josepdcs/kubectl-prof/pkg/agent/profiler/bpf.go:64.62,66.16 2 1
github.com/josepdcs/kubectl-prof/pkg/agent/profiler/bpf.go:70.2,72.16 3 1
github.com/josepdcs/kubectl-prof/pkg/agent/profiler/bpf.go:76.2,76.66 1 1
github.com/josepdcs/kubectl-prof/pkg/agent/profiler/bpf.go:66.16,68.3 1 1
github.com/josepdcs/kubectl-prof/pkg/agent/profiler/bpf.go:72.16,74.3 1 1
github.com/josepdcs/kubectl-prof/pkg/agent/profiler/bpf.go:79.63,82.16 3 0
github.com/josepdcs/kubectl-prof/pkg/agent/profiler/bpf.go:85.2,85.28 1 0
github.com/josepdcs/kubectl-prof/pkg/agent/profiler/bpf.go:82.16,84.3 1 0
github.com/josepdcs/kubectl-prof/pkg/agent/profiler/bpf.go:88.52,91.16 3 0
github.com/josepdcs/kubectl-prof/pkg/agent/profiler/bpf.go:95.2,96.16 2 0
github.com/josepdcs/kubectl-prof/pkg/agent/profiler/bpf.go:100.2,100.12 1 0
github.com/josepdcs/kubectl-prof/pkg/agent/profiler/bpf.go:91.16,93.3 1 0
github.com/josepdcs/kubectl-prof/pkg/agent/profiler/bpf.go:96.16,98.3 1 0
github.com/josepdcs/kubectl-prof/pkg/agent/profiler/bpf.go:103.63,105.16 2 0
github.com/josepdcs/kubectl-prof/pkg/agent/profiler/bpf.go:108.2,111.16 3 0
github.com/josepdcs/kubectl-prof/pkg/agent/profiler/bpf.go:115.2,115.25 1 0
github.com/josepdcs/kubectl-prof/pkg/agent/profiler/bpf.go:123.2,130.16 7 0
github.com/josepdcs/kubectl-prof/pkg/agent/profiler/bpf.go:133.2,133.12 1 0
github.com/josepdcs/kubectl-prof/pkg/agent/profiler/bpf.go:105.16,107.3 1 0
github.com/josepdcs/kubectl-prof/pkg/agent/profiler/bpf.go:111.16,113.3 1 0
github.com/josepdcs/kubectl-prof/pkg/agent/profiler/bpf.go:115.25,117.17 2 0
github.com/josepdcs/kubectl-prof/pkg/agent/profiler/bpf.go:117.17,120.4 2 0
github.com/josepdcs/kubectl-prof/pkg/agent/profiler/bpf.go:130.16,132.3 1 0
github.com/josepdcs/kubectl-prof/pkg/agent/profiler/bpf.go:136.61,138.16 2 0
github.com/josepdcs/kubectl-prof/pkg/agent/profiler/bpf.go:142.2,142.33 1 0
github.com/josepdcs/kubectl-prof/pkg/agent/profiler/bpf.go:150.2,151.16 2 0
github.com/josepdcs/kubectl-prof/pkg/agent/profiler/bpf.go:155.2,155.34 1 0
github.com/josepdcs/kubectl-prof/pkg/agent/profiler/bpf.go:163.2,167.28 4 0
github.com/josepdcs/kubectl-prof/pkg/agent/profiler/bpf.go:138.16,140.3 1 0
github.com/josepdcs/kubectl-prof/pkg/agent/profiler/bpf.go:142.33,144.17 2 0
github.com/josepdcs/kubectl-prof/pkg/agent/profiler/bpf.go:144.17,147.4 2 0
github.com/josepdcs/kubectl-prof/pkg/agent/profiler/bpf.go:151.16,153.3 1 0
github.com/josepdcs/kubectl-prof/pkg/agent/profiler/bpf.go:155.34,157.17 2 0
github.com/josepdcs/kubectl-prof/pkg/agent/profiler/bpf.go:157.17,160.4 2 0
github.com/josepdcs/kubectl-prof/pkg/agent/profiler/bpf.go:170.100,172.2 1 0
github.com/josepdcs/kubectl-prof/pkg/cli/kubernetes/job/ruby.go:16.110,21.38 4 1
github.com/josepdcs/kubectl-prof/pkg/cli/kubernetes/job/ruby.go:25.2,28.16 3 1
github.com/josepdcs/kubectl-prof/pkg/cli/kubernetes/job/ruby.go:32.2,87.41 2 1
github.com/josepdcs/kubectl-prof/pkg/cli/kubernetes/job/ruby.go:91.2,91.21 1 1
github.com/josepdcs/kubectl-prof/pkg/cli/kubernetes/job/ruby.go:21.38,23.3 1 1
github.com/josepdcs/kubectl-prof/pkg/cli/kubernetes/job/ruby.go:28.16,30.3 1 1
github.com/josepdcs/kubectl-prof/pkg/cli/kubernetes/job/ruby.go:87.41,89.3 1 1
github.com/josepdcs/kubectl-prof/pkg/cli/kubernetes/job/ruby.go:95.67,97.19 2 1
github.com/josepdcs/kubectl-prof/pkg/cli/kubernetes/job/ruby.go:102.2,102.18 1 1
github.com/josepdcs/kubectl-prof/pkg/cli/kubernetes/job/ruby.go:97.19,99.3 1 1
github.com/josepdcs/kubectl-prof/pkg/cli/kubernetes/job/ruby.go:99.8,101.3 1 1
github.com/josepdcs/kubectl-prof/pkg/cli/kubernetes/job/ruby.go:105.94,117.2 1 1
github.com/josepdcs/kubectl-prof/pkg/cli/kubernetes/job/utils.go:10.84,26.28 2 1
github.com/josepdcs/kubectl-prof/pkg/cli/kubernetes/job/utils.go:30.2,30.13 1 1
github.com/josepdcs/kubectl-prof/pkg/cli/kubernetes/job/utils.go:26.28,28.3 1 1
github.com/josepdcs/kubectl-prof/pkg/cli/kubernetes/job/utils.go:33.31,33.44 1 1
github.com/josepdcs/kubectl-prof/pkg/cli/kubernetes/job/utils.go:34.31,34.44 1 0
github.com/josepdcs/kubectl-prof/pkg/cli/kubernetes/job/utils.go:35.31,35.44 1 0
github.com/josepdcs/kubectl-prof/pkg/cli/kubernetes/job/bpf.go:16.109,21.38 4 1
github.com/josepdcs/kubectl-prof/pkg/cli/kubernetes/job/bpf.go:25.2,28.16 3 1
github.com/josepdcs/kubectl-prof/pkg/cli/kubernetes/job/bpf.go:32.2,112.41 2 1
github.com/josepdcs/kubectl-prof/pkg/cli/kubernetes/job/bpf.go:116.2,116.21 1 1
github.com/josepdcs/kubectl-prof/pkg/cli/kubernetes/job/bpf.go:21.38,23.3 1 1
github.com/josepdcs/kubectl-prof/pkg/cli/kubernetes/job/bpf.go:28.16,30.3 1 1
github.com/josepdcs/kubectl-prof/pkg/cli/kubernetes/job/bpf.go:112.41,114.3 1 1
github.com/josepdcs/kubectl-prof/pkg/cli/kubernetes/job/bpf.go:120.66,122.19 2 1
github.com/josepdcs/kubectl-prof/pkg/cli/kubernetes/job/bpf.go:127.2,127.18 1 1
github.com/josepdcs/kubectl-prof/pkg/cli/kubernetes/job/bpf.go:122.19,124.3 1 1
github.com/josepdcs/kubectl-prof/pkg/cli/kubernetes/job/bpf.go:124.8,126.3 1 1
github.com/josepdcs/kubectl-prof/pkg/cli/kubernetes/job/bpf.go:130.93,142.2 1 1
github.com/josepdcs/kubectl-prof/pkg/cli/kubernetes/job/job_factory.go:23.81,24.14 1 1
github.com/josepdcs/kubectl-prof/pkg/cli/kubernetes/job/job_factory.go:39.2,39.60 1 1
github.com/josepdcs/kubectl-prof/pkg/cli/kubernetes/job/job_factory.go:25.16,26.28 1 1
github.com/josepdcs/kubectl-prof/pkg/cli/kubernetes/job/job_factory.go:27.54,28.23 1 1
github.com/josepdcs/kubectl-prof/pkg/cli/kubernetes/job/job_factory.go:31.3,31.28 1 1
github.com/josepdcs/kubectl-prof/pkg/cli/kubernetes/job/job_factory.go:32.18,33.31 1 1
github.com/josepdcs/kubectl-prof/pkg/cli/kubernetes/job/job_factory.go:34.16,35.29 1 1
github.com/josepdcs/kubectl-prof/pkg/cli/kubernetes/job/job_factory.go:28.23,30.4 1 1
github.com/josepdcs/kubectl-prof/pkg/cli/kubernetes/job/jvm.go:16.109,21.38 4 1
github.com/josepdcs/kubectl-prof/pkg/cli/kubernetes/job/jvm.go:25.2,28.16 3 1
github.com/josepdcs/kubectl-prof/pkg/cli/kubernetes/job/jvm.go:32.2,88.41 2 1
github.com/josepdcs/kubectl-prof/pkg/cli/kubernetes/job/jvm.go:92.2,92.21 1 1
github.com/josepdcs/kubectl-prof/pkg/cli/kubernetes/job/jvm.go:21.38,23.3 1 1
github.com/josepdcs/kubectl-prof/pkg/cli/kubernetes/job/jvm.go:28.16,30.3 1 1
github.com/josepdcs/kubectl-prof/pkg/cli/kubernetes/job/jvm.go:88.41,90.3 1 1
github.com/josepdcs/kubectl-prof/pkg/cli/kubernetes/job/jvm.go:95.66,96.19 1 1
github.com/josepdcs/kubectl-prof/pkg/cli/kubernetes/job/jvm.go:100.2,101.14 2 1
github.com/josepdcs/kubectl-prof/pkg/cli/kubernetes/job/jvm.go:105.2,105.49 1 1
github.com/josepdcs/kubectl-prof/pkg/cli/kubernetes/job/jvm.go:96.19,98.3 1 1
github.com/josepdcs/kubectl-prof/pkg/cli/kubernetes/job/jvm.go:101.14,103.3 1 1
github.com/josepdcs/kubectl-prof/pkg/cli/kubernetes/job/jvm.go:108.93,120.2 1 1
github.com/josepdcs/kubectl-prof/pkg/cli/kubernetes/job/perf.go:16.110,22.38 4 1
github.com/josepdcs/kubectl-prof/pkg/cli/kubernetes/job/perf.go:26.2,29.16 3 1
github.com/josepdcs/kubectl-prof/pkg/cli/kubernetes/job/perf.go:33.2,90.41 2 1
github.com/josepdcs/kubectl-prof/pkg/cli/kubernetes/job/perf.go:94.2,94.21 1 1
github.com/josepdcs/kubectl-prof/pkg/cli/kubernetes/job/perf.go:22.38,24.3 1 1
github.com/josepdcs/kubectl-prof/pkg/cli/kubernetes/job/perf.go:29.16,31.3 1 1
github.com/josepdcs/kubectl-prof/pkg/cli/kubernetes/job/perf.go:90.41,92.3 1 1
github.com/josepdcs/kubectl-prof/pkg/cli/kubernetes/job/perf.go:98.67,100.19 2 1
github.com/josepdcs/kubectl-prof/pkg/cli/kubernetes/job/perf.go:105.2,105.18 1 1
github.com/josepdcs/kubectl-prof/pkg/cli/kubernetes/job/perf.go:100.19,102.3 1 1
github.com/josepdcs/kubectl-prof/pkg/cli/kubernetes/job/perf.go:102.8,104.3 1 1
github.com/josepdcs/kubectl-prof/pkg/cli/kubernetes/job/perf.go:108.94,120.2 1 1
github.com/josepdcs/kubectl-prof/pkg/cli/kubernetes/job/python.go:16.112,21.38 4 1
github.com/josepdcs/kubectl-prof/pkg/cli/kubernetes/job/python.go:25.2,28.16 3 1
github.com/josepdcs/kubectl-prof/pkg/cli/kubernetes/job/python.go:32.2,88.41 2 1
github.com/josepdcs/kubectl-prof/pkg/cli/kubernetes/job/python.go:92.2,92.21 1 1
github.com/josepdcs/kubectl-prof/pkg/cli/kubernetes/job/python.go:21.38,23.3 1 1
github.com/josepdcs/kubectl-prof/pkg/cli/kubernetes/job/python.go:28.16,30.3 1 1
github.com/josepdcs/kubectl-prof/pkg/cli/kubernetes/job/python.go:88.41,90.3 1 1
github.com/josepdcs/kubectl-prof/pkg/cli/kubernetes/job/python.go:96.69,98.19 2 1
github.com/josepdcs/kubectl-prof/pkg/cli/kubernetes/job/python.go:103.2,103.18 1 1
github.com/josepdcs/kubectl-prof/pkg/cli/kubernetes/job/python.go:98.19,100.3 1 1
github.com/josepdcs/kubectl-prof/pkg/cli/kubernetes/job/python.go:100.8,102.3 1 1
github.com/josepdcs/kubectl-prof/pkg/cli/kubernetes/job/python.go:106.96,118.2 1 1
github.com/josepdcs/kubectl-prof/pkg/cli/kubernetes/connector.go:26.32,28.2 1 0
github.com/josepdcs/kubectl-prof/pkg/cli/kubernetes/connector.go:40.104,42.16 2 0
github.com/josepdcs/kubectl-prof/pkg/cli/kubernetes/connector.go:46.2,47.16 2 0
github.com/josepdcs/kubectl-prof/pkg/cli/kubernetes/connector.go:51.2,52.16 2 0
github.com/josepdcs/kubectl-prof/pkg/cli/kubernetes/connector.go:56.2,62.8 1 0
github.com/josepdcs/kubectl-prof/pkg/cli/kubernetes/connector.go:42.16,44.3 1 0
github.com/josepdcs/kubectl-prof/pkg/cli/kubernetes/connector.go:47.16,49.3 1 0
github.com/josepdcs/kubectl-prof/pkg/cli/kubernetes/connector.go:52.16,54.3 1 0
github.com/josepdcs/kubectl-prof/pkg/cli/kubernetes/creator.go:22.58,26.2 1 1
github.com/josepdcs/kubectl-prof/pkg/cli/kubernetes/creator.go:28.99,30.2 1 0
github.com/josepdcs/kubectl-prof/pkg/cli/kubernetes/creator.go:32.135,34.16 2 1
github.com/josepdcs/kubectl-prof/pkg/cli/kubernetes/creator.go:37.2,38.16 2 1
github.com/josepdcs/kubectl-prof/pkg/cli/kubernetes/creator.go:42.2,42.23 1 1
github.com/josepdcs/kubectl-prof/pkg/cli/kubernetes/creator.go:46.2,50.16 2 1
github.com/josepdcs/kubectl-prof/pkg/cli/kubernetes/creator.go:54.2,54.27 1 1
github.com/josepdcs/kubectl-prof/pkg/cli/kubernetes/creator.go:34.16,36.3 1 0
github.com/josepdcs/kubectl-prof/pkg/cli/kubernetes/creator.go:38.16,40.3 1 0
github.com/josepdcs/kubectl-prof/pkg/cli/kubernetes/creator.go:42.23,45.3 2 0
github.com/josepdcs/kubectl-prof/pkg/cli/kubernetes/creator.go:50.16,52.3 1 0
github.com/josepdcs/kubectl-prof/pkg/cli/kubernetes/creator.go:57.39,63.2 2 0
github.com/josepdcs/kubectl-prof/pkg/cli/kubernetes/deleter.go:15.58,19.2 1 0
github.com/josepdcs/kubectl-prof/pkg/cli/kubernetes/deleter.go:21.82,29.2 2 0
github.com/josepdcs/kubectl-prof/pkg/cli/kubernetes/getter.go:42.49,46.2 1 0
github.com/josepdcs/kubectl-prof/pkg/cli/kubernetes/getter.go:48.93,53.16 2 0
github.com/josepdcs/kubectl-prof/pkg/cli/kubernetes/getter.go:57.2,57.23 1 0
github.com/josepdcs/kubectl-prof/pkg/cli/kubernetes/getter.go:53.16,55.3 1 0
github.com/josepdcs/kubectl-prof/pkg/cli/kubernetes/getter.go:60.103,63.24 2 0
github.com/josepdcs/kubectl-prof/pkg/cli/kubernetes/getter.go:92.2,92.16 1 0
github.com/josepdcs/kubectl-prof/pkg/cli/kubernetes/getter.go:96.2,96.17 1 0
github.com/josepdcs/kubectl-prof/pkg/cli/kubernetes/getter.go:63.24,71.18 2 0
github.com/josepdcs/kubectl-prof/pkg/cli/kubernetes/getter.go:75.4,75.31 1 0
github.com/josepdcs/kubectl-prof/pkg/cli/kubernetes/getter.go:79.4,80.28 2 0
github.com/josepdcs/kubectl-prof/pkg/cli/kubernetes/getter.go:71.18,73.5 1 0
github.com/josepdcs/kubectl-prof/pkg/cli/kubernetes/getter.go:75.31,77.5 1 0
github.com/josepdcs/kubectl-prof/pkg/cli/kubernetes/getter.go:81.25,82.43 1 0
github.com/josepdcs/kubectl-prof/pkg/cli/kubernetes/getter.go:83.28,84.16 1 0
github.com/josepdcs/kubectl-prof/pkg/cli/kubernetes/getter.go:85.26,86.21 1 0
github.com/josepdcs/kubectl-prof/pkg/cli/kubernetes/getter.go:87.12,88.22 1 0
github.com/josepdcs/kubectl-prof/pkg/cli/kubernetes/getter.go:92.16,94.3 1 0
github.com/josepdcs/kubectl-prof/pkg/cli/kubernetes/getter.go:99.120,108.16 3 0
github.com/josepdcs/kubectl-prof/pkg/cli/kubernetes/getter.go:112.2,116.12 5 0
github.com/josepdcs/kubectl-prof/pkg/cli/kubernetes/getter.go:135.2,135.34 1 0
github.com/josepdcs/kubectl-prof/pkg/cli/kubernetes/getter.go:108.16,110.3 1 0
github.com/josepdcs/kubectl-prof/pkg/cli/kubernetes/getter.go:116.12,117.40 1 0
github.com/josepdcs/kubectl-prof/pkg/cli/kubernetes/getter.go:125.3,126.7 2 0
github.com/josepdcs/kubectl-prof/pkg/cli/kubernetes/getter.go:117.40,119.18 2 0
github.com/josepdcs/kubectl-prof/pkg/cli/kubernetes/getter.go:119.18,122.5 2 0
github.com/josepdcs/kubectl-prof/pkg/cli/kubernetes/getter.go:126.7,128.18 2 0
github.com/josepdcs/kubectl-prof/pkg/cli/kubernetes/getter.go:131.4,131.31 1 0
github.com/josepdcs/kubectl-prof/pkg/cli/kubernetes/getter.go:128.18,130.5 1 0
github.com/josepdcs/kubectl-prof/pkg/cli/kubernetes/getter.go:138.117,142.16 3 0
github.com/josepdcs/kubectl-prof/pkg/cli/kubernetes/getter.go:146.2,147.16 2 0
github.com/josepdcs/kubectl-prof/pkg/cli/kubernetes/getter.go:151.2,152.16 2 0
github.com/josepdcs/kubectl-prof/pkg/cli/kubernetes/getter.go:156.2,157.16 2 0
github.com/josepdcs/kubectl-prof/pkg/cli/kubernetes/getter.go:161.2,161.12 1 0
github.com/josepdcs/kubectl-prof/pkg/cli/kubernetes/getter.go:142.16,144.3 1 0
github.com/josepdcs/kubectl-prof/pkg/cli/kubernetes/getter.go:147.16,149.3 1 0
github.com/josepdcs/kubectl-prof/pkg/cli/kubernetes/getter.go:152.16,154.3 1 0
github.com/josepdcs/kubectl-prof/pkg/cli/kubernetes/getter.go:157.16,159.3 1 0
github.com/josepdcs/kubectl-prof/pkg/cli/kubernetes/utils.go:8.74,9.63 1 0
github.com/josepdcs/kubectl-prof/pkg/cli/kubernetes/utils.go:15.2,15.75 1 0
github.com/josepdcs/kubectl-prof/pkg/cli/kubernetes/utils.go:9.63,10.44 1 0
github.com/josepdcs/kubectl-prof/pkg/cli/kubernetes/utils.go:10.44,12.4 1 0
